<?xml version="1.0" encoding="UTF-8"?>
<!-- Generated by org.testng.reporters.JUnitReportReporter -->
<testsuite hostname="Active38" failures="5" tests="7" name="arun.ParallelRunner" time="130.417" errors="0" timestamp="2024-02-29T09:57:03 IST" skipped="0">
  <testcase classname="arun.ParallelRunner" name="runScenario" time="17.340">
    <failure message="expected [true] but found [false]" type="java.lang.AssertionError">
      <![CDATA[java.lang.AssertionError: expected [true] but found [false]
at org.testng.Assert.fail(Assert.java:111)
at org.testng.Assert.failNotEquals(Assert.java:1578)
at org.testng.Assert.assertTrue(Assert.java:57)
at org.testng.Assert.assertTrue(Assert.java:67)
at arun.LoginSteps.page_title_should_be_navigated_to(LoginSteps.java:53)
at ✽.Page title should be navigated to "Dashboard / nopCommerce administration"(file:///home/active38/eclipse-workspace/cucuframework/src/test/resources/Parallel/arun.feature:8)
]]>
    </failure>
  </testcase> <!-- runScenario -->
  <testcase classname="arun.ParallelRunner" name="runScenario" time="17.346">
    <failure message="expected [true] but found [false]" type="java.lang.AssertionError">
      <![CDATA[java.lang.AssertionError: expected [true] but found [false]
at org.testng.Assert.fail(Assert.java:111)
at org.testng.Assert.failNotEquals(Assert.java:1578)
at org.testng.Assert.assertTrue(Assert.java:57)
at org.testng.Assert.assertTrue(Assert.java:67)
at arun.LoginSteps.page_title_should_be_navigated_to(LoginSteps.java:53)
at ✽.Page title should be navigated to "Dashboard / nopCommerce administration"(file:///home/active38/eclipse-workspace/cucuframework/src/test/resources/Parallel/arun.feature:8)
]]>
    </failure>
  </testcase> <!-- runScenario -->
  <testcase classname="arun.ParallelRunner" name="runScenario" time="18.244">
    <failure message="expected [true] but found [false]" type="java.lang.AssertionError">
      <![CDATA[java.lang.AssertionError: expected [true] but found [false]
at org.testng.Assert.fail(Assert.java:111)
at org.testng.Assert.failNotEquals(Assert.java:1578)
at org.testng.Assert.assertTrue(Assert.java:57)
at org.testng.Assert.assertTrue(Assert.java:67)
at arun.LoginSteps.page_title_should_be_navigated_to(LoginSteps.java:53)
at ✽.Page title should be navigated to "Dashboard / nopCommerce administration"(file:///home/active38/eclipse-workspace/cucuframework/src/test/resources/Parallel/arun.feature:8)
]]>
    </failure>
  </testcase> <!-- runScenario -->
  <testcase classname="arun.ParallelRunner" name="runScenario" time="17.337">
    <failure message="expected [true] but found [false]" type="java.lang.AssertionError">
      <![CDATA[java.lang.AssertionError: expected [true] but found [false]
at org.testng.Assert.fail(Assert.java:111)
at org.testng.Assert.failNotEquals(Assert.java:1578)
at org.testng.Assert.assertTrue(Assert.java:57)
at org.testng.Assert.assertTrue(Assert.java:67)
at arun.LoginSteps.page_title_should_be_navigated_to(LoginSteps.java:53)
at ✽.Page title should be navigated to "Dashboard / nopCommerce administration"(file:///home/active38/eclipse-workspace/cucuframework/src/test/resources/Parallel/arun.feature:8)
]]>
    </failure>
  </testcase> <!-- runScenario -->
  <testcase classname="arun.ParallelRunner" name="runScenario" time="21.480"/>
  <testcase classname="arun.ParallelRunner" name="runScenario" time="21.028"/>
  <testcase classname="arun.ParallelRunner" name="runScenario" time="17.642">
    <failure message="expected [true] but found [false]" type="java.lang.AssertionError">
      <![CDATA[java.lang.AssertionError: expected [true] but found [false]
at org.testng.Assert.fail(Assert.java:111)
at org.testng.Assert.failNotEquals(Assert.java:1578)
at org.testng.Assert.assertTrue(Assert.java:57)
at org.testng.Assert.assertTrue(Assert.java:67)
at arun.LoginSteps.page_title_should_be_navigated_to(LoginSteps.java:53)
at ✽.Page title should be navigated to "Dashboard / nopCommerce administration"(file:///home/active38/eclipse-workspace/cucuframework/src/test/resources/Parallel/arun.feature:8)
]]>
    </failure>
  </testcase> <!-- runScenario -->
</testsuite> <!-- arun.ParallelRunner -->
