<?xml version="1.0" encoding="UTF-8"?>
<testng-results ignored="0" total="7" passed="2" failed="5" skipped="0">
  <reporter-output>
  </reporter-output>
  <suite started-at="2024-02-29T09:56:41 IST" name="Default suite" finished-at="2024-02-29T09:57:03 IST" duration-ms="22462">
    <groups>
      <group name="cucumber">
        <method signature="AbstractTestNGCucumberTests.runScenario(io.cucumber.testng.PickleWrapper,io.cucumber.testng.FeatureWrapper)[pri:0, instance:arun.ParallelRunner@45c7e403]" name="runScenario" class="io.cucumber.testng.AbstractTestNGCucumberTests"/>
      </group> <!-- cucumber -->
    </groups>
    <test started-at="2024-02-29T09:56:41 IST" name="Default test" finished-at="2024-02-29T09:57:03 IST" duration-ms="22462">
      <class name="arun.ParallelRunner">
        <test-method is-config="true" signature="setUpClass(org.testng.ITestContext)[pri:0, instance:arun.ParallelRunner@45c7e403]" started-at="2024-02-29T09:56:41 IST" name="setUpClass" finished-at="2024-02-29T09:56:41 IST" duration-ms="772" status="PASS">
          <params>
            <param index="0">
              <value>
                <![CDATA[org.testng.TestRunner@66629f63]]>
              </value>
            </param>
          </params>
          <reporter-output>
          </reporter-output>
        </test-method> <!-- setUpClass -->
        <test-method signature="runScenario(io.cucumber.testng.PickleWrapper,io.cucumber.testng.FeatureWrapper)[pri:0, instance:arun.ParallelRunner@45c7e403]" started-at="2024-02-29T09:56:42 IST" name="runScenario" description="Runs Cucumber Scenarios" data-provider="scenarios" finished-at="2024-02-29T09:57:03 IST" duration-ms="21480" status="PASS">
          <params>
            <param index="0">
              <value>
                <![CDATA["Successful login with the valid credentials"]]>
              </value>
            </param>
            <param index="1">
              <value>
                <![CDATA["Login"]]>
              </value>
            </param>
          </params>
          <reporter-output>
          </reporter-output>
        </test-method> <!-- runScenario -->
        <test-method signature="runScenario(io.cucumber.testng.PickleWrapper,io.cucumber.testng.FeatureWrapper)[pri:0, instance:arun.ParallelRunner@45c7e403]" started-at="2024-02-29T09:56:42 IST" name="runScenario" description="Runs Cucumber Scenarios" data-provider="scenarios" finished-at="2024-02-29T09:57:00 IST" duration-ms="18244" status="FAIL">
          <params>
            <param index="0">
              <value>
                <![CDATA["Successful login with the valid credentials"]]>
              </value>
            </param>
            <param index="1">
              <value>
                <![CDATA["Login"]]>
              </value>
            </param>
          </params>
          <exception class="java.lang.AssertionError">
            <message>
              <![CDATA[expected [true] but found [false]]]>
            </message>
            <full-stacktrace>
              <![CDATA[java.lang.AssertionError: expected [true] but found [false]
at org.testng.Assert.fail(Assert.java:111)
at org.testng.Assert.failNotEquals(Assert.java:1578)
at org.testng.Assert.assertTrue(Assert.java:57)
at org.testng.Assert.assertTrue(Assert.java:67)
at arun.LoginSteps.page_title_should_be_navigated_to(LoginSteps.java:53)
at ✽.Page title should be navigated to "Dashboard / nopCommerce administration"(file:///home/active38/eclipse-workspace/cucuframework/src/test/resources/Parallel/arun.feature:8)
]]>
            </full-stacktrace>
          </exception> <!-- java.lang.AssertionError -->
          <reporter-output>
          </reporter-output>
        </test-method> <!-- runScenario -->
        <test-method signature="runScenario(io.cucumber.testng.PickleWrapper,io.cucumber.testng.FeatureWrapper)[pri:0, instance:arun.ParallelRunner@45c7e403]" started-at="2024-02-29T09:56:42 IST" name="runScenario" description="Runs Cucumber Scenarios" data-provider="scenarios" finished-at="2024-02-29T09:56:59 IST" duration-ms="17642" status="FAIL">
          <params>
            <param index="0">
              <value>
                <![CDATA["Successful login with the valid credentials"]]>
              </value>
            </param>
            <param index="1">
              <value>
                <![CDATA["Login"]]>
              </value>
            </param>
          </params>
          <exception class="java.lang.AssertionError">
            <message>
              <![CDATA[expected [true] but found [false]]]>
            </message>
            <full-stacktrace>
              <![CDATA[java.lang.AssertionError: expected [true] but found [false]
at org.testng.Assert.fail(Assert.java:111)
at org.testng.Assert.failNotEquals(Assert.java:1578)
at org.testng.Assert.assertTrue(Assert.java:57)
at org.testng.Assert.assertTrue(Assert.java:67)
at arun.LoginSteps.page_title_should_be_navigated_to(LoginSteps.java:53)
at ✽.Page title should be navigated to "Dashboard / nopCommerce administration"(file:///home/active38/eclipse-workspace/cucuframework/src/test/resources/Parallel/arun.feature:8)
]]>
            </full-stacktrace>
          </exception> <!-- java.lang.AssertionError -->
          <reporter-output>
          </reporter-output>
        </test-method> <!-- runScenario -->
        <test-method signature="runScenario(io.cucumber.testng.PickleWrapper,io.cucumber.testng.FeatureWrapper)[pri:0, instance:arun.ParallelRunner@45c7e403]" started-at="2024-02-29T09:56:42 IST" name="runScenario" description="Runs Cucumber Scenarios" data-provider="scenarios" finished-at="2024-02-29T09:56:59 IST" duration-ms="17337" status="FAIL">
          <params>
            <param index="0">
              <value>
                <![CDATA["Successful login with the valid credentials"]]>
              </value>
            </param>
            <param index="1">
              <value>
                <![CDATA["Login"]]>
              </value>
            </param>
          </params>
          <exception class="java.lang.AssertionError">
            <message>
              <![CDATA[expected [true] but found [false]]]>
            </message>
            <full-stacktrace>
              <![CDATA[java.lang.AssertionError: expected [true] but found [false]
at org.testng.Assert.fail(Assert.java:111)
at org.testng.Assert.failNotEquals(Assert.java:1578)
at org.testng.Assert.assertTrue(Assert.java:57)
at org.testng.Assert.assertTrue(Assert.java:67)
at arun.LoginSteps.page_title_should_be_navigated_to(LoginSteps.java:53)
at ✽.Page title should be navigated to "Dashboard / nopCommerce administration"(file:///home/active38/eclipse-workspace/cucuframework/src/test/resources/Parallel/arun.feature:8)
]]>
            </full-stacktrace>
          </exception> <!-- java.lang.AssertionError -->
          <reporter-output>
          </reporter-output>
        </test-method> <!-- runScenario -->
        <test-method signature="runScenario(io.cucumber.testng.PickleWrapper,io.cucumber.testng.FeatureWrapper)[pri:0, instance:arun.ParallelRunner@45c7e403]" started-at="2024-02-29T09:56:42 IST" name="runScenario" description="Runs Cucumber Scenarios" data-provider="scenarios" finished-at="2024-02-29T09:56:59 IST" duration-ms="17340" status="FAIL">
          <params>
            <param index="0">
              <value>
                <![CDATA["Successful login with the valid credentials"]]>
              </value>
            </param>
            <param index="1">
              <value>
                <![CDATA["Login"]]>
              </value>
            </param>
          </params>
          <exception class="java.lang.AssertionError">
            <message>
              <![CDATA[expected [true] but found [false]]]>
            </message>
            <full-stacktrace>
              <![CDATA[java.lang.AssertionError: expected [true] but found [false]
at org.testng.Assert.fail(Assert.java:111)
at org.testng.Assert.failNotEquals(Assert.java:1578)
at org.testng.Assert.assertTrue(Assert.java:57)
at org.testng.Assert.assertTrue(Assert.java:67)
at arun.LoginSteps.page_title_should_be_navigated_to(LoginSteps.java:53)
at ✽.Page title should be navigated to "Dashboard / nopCommerce administration"(file:///home/active38/eclipse-workspace/cucuframework/src/test/resources/Parallel/arun.feature:8)
]]>
            </full-stacktrace>
          </exception> <!-- java.lang.AssertionError -->
          <reporter-output>
          </reporter-output>
        </test-method> <!-- runScenario -->
        <test-method signature="runScenario(io.cucumber.testng.PickleWrapper,io.cucumber.testng.FeatureWrapper)[pri:0, instance:arun.ParallelRunner@45c7e403]" started-at="2024-02-29T09:56:42 IST" name="runScenario" description="Runs Cucumber Scenarios" data-provider="scenarios" finished-at="2024-02-29T09:56:59 IST" duration-ms="17346" status="FAIL">
          <params>
            <param index="0">
              <value>
                <![CDATA["Successful login with the valid credentials"]]>
              </value>
            </param>
            <param index="1">
              <value>
                <![CDATA["Login"]]>
              </value>
            </param>
          </params>
          <exception class="java.lang.AssertionError">
            <message>
              <![CDATA[expected [true] but found [false]]]>
            </message>
            <full-stacktrace>
              <![CDATA[java.lang.AssertionError: expected [true] but found [false]
at org.testng.Assert.fail(Assert.java:111)
at org.testng.Assert.failNotEquals(Assert.java:1578)
at org.testng.Assert.assertTrue(Assert.java:57)
at org.testng.Assert.assertTrue(Assert.java:67)
at arun.LoginSteps.page_title_should_be_navigated_to(LoginSteps.java:53)
at ✽.Page title should be navigated to "Dashboard / nopCommerce administration"(file:///home/active38/eclipse-workspace/cucuframework/src/test/resources/Parallel/arun.feature:8)
]]>
            </full-stacktrace>
          </exception> <!-- java.lang.AssertionError -->
          <reporter-output>
          </reporter-output>
        </test-method> <!-- runScenario -->
        <test-method signature="runScenario(io.cucumber.testng.PickleWrapper,io.cucumber.testng.FeatureWrapper)[pri:0, instance:arun.ParallelRunner@45c7e403]" started-at="2024-02-29T09:56:42 IST" name="runScenario" description="Runs Cucumber Scenarios" data-provider="scenarios" finished-at="2024-02-29T09:57:03 IST" duration-ms="21028" status="PASS">
          <params>
            <param index="0">
              <value>
                <![CDATA["Successful login with the valid credentials"]]>
              </value>
            </param>
            <param index="1">
              <value>
                <![CDATA["Login"]]>
              </value>
            </param>
          </params>
          <reporter-output>
          </reporter-output>
        </test-method> <!-- runScenario -->
        <test-method is-config="true" signature="tearDownClass()[pri:0, instance:arun.ParallelRunner@45c7e403]" started-at="2024-02-29T09:57:03 IST" name="tearDownClass" finished-at="2024-02-29T09:57:03 IST" duration-ms="119" status="PASS">
          <reporter-output>
          </reporter-output>
        </test-method> <!-- tearDownClass -->
      </class> <!-- arun.ParallelRunner -->
    </test> <!-- Default test -->
  </suite> <!-- Default suite -->
</testng-results>
