<?xml version="1.0" encoding="UTF-8"?>
<!-- Generated by org.testng.reporters.JUnitReportReporter -->
<testsuite hostname="Active38" failures="3" tests="4" name="testRunner.ParallelRunner" time="34.592" errors="0" timestamp="2023-09-02T10:06:28 IST" skipped="0">
  <testcase classname="testRunner.ParallelRunner" name="runScenario" time="7.201">
    <failure message="expected [true] but found [false]" type="java.lang.AssertionError">
      <![CDATA[java.lang.AssertionError: expected [true] but found [false]
at org.testng.Assert.fail(Assert.java:111)
at org.testng.Assert.failNotEquals(Assert.java:1578)
at org.testng.Assert.assertTrue(Assert.java:57)
at org.testng.Assert.assertTrue(Assert.java:67)
at steps.LoginSteps.page_title_should_be_navigated_to(LoginSteps.java:52)
at ✽.Page title should be navigated to "Dashboard / nopCommerce administration"(file:///home/active38/eclipse-workspace/cucumberProject/./features/arun.feature:8)
]]>
    </failure>
  </testcase> <!-- runScenario -->
  <testcase classname="testRunner.ParallelRunner" name="runScenario" time="6.661">
    <failure message="expected [true] but found [false]" type="java.lang.AssertionError">
      <![CDATA[java.lang.AssertionError: expected [true] but found [false]
at org.testng.Assert.fail(Assert.java:111)
at org.testng.Assert.failNotEquals(Assert.java:1578)
at org.testng.Assert.assertTrue(Assert.java:57)
at org.testng.Assert.assertTrue(Assert.java:67)
at steps.LoginSteps.page_title_should_be_navigated_to(LoginSteps.java:52)
at ✽.Page title should be navigated to "Dashboard / nopCommerce administration"(file:///home/active38/eclipse-workspace/cucumberProject/./features/arun.feature:8)
]]>
    </failure>
  </testcase> <!-- runScenario -->
  <testcase classname="testRunner.ParallelRunner" name="runScenario" time="6.674">
    <failure message="expected [true] but found [false]" type="java.lang.AssertionError">
      <![CDATA[java.lang.AssertionError: expected [true] but found [false]
at org.testng.Assert.fail(Assert.java:111)
at org.testng.Assert.failNotEquals(Assert.java:1578)
at org.testng.Assert.assertTrue(Assert.java:57)
at org.testng.Assert.assertTrue(Assert.java:67)
at steps.LoginSteps.page_title_should_be_navigated_to(LoginSteps.java:52)
at ✽.Page title should be navigated to "Dashboard / nopCommerce administration"(file:///home/active38/eclipse-workspace/cucumberProject/./features/arun.feature:8)
]]>
    </failure>
  </testcase> <!-- runScenario -->
  <testcase classname="testRunner.ParallelRunner" name="runScenario" time="14.056"/>
</testsuite> <!-- testRunner.ParallelRunner -->
