<html>
<head>
<title>TestNG:  Default test</title>
<link href="../testng.css" rel="stylesheet" type="text/css" />
<link href="../my-testng.css" rel="stylesheet" type="text/css" />

<style type="text/css">
.log { display: none;} 
.stack-trace { display: none;} 
</style>
<script type="text/javascript">
<!--
function flip(e) {
  current = e.style.display;
  if (current == 'block') {
    e.style.display = 'none';
    return 0;
  }
  else {
    e.style.display = 'block';
    return 1;
  }
}

function toggleBox(szDivId, elem, msg1, msg2)
{
  var res = -1;  if (document.getElementById) {
    res = flip(document.getElementById(szDivId));
  }
  else if (document.all) {
    // this is the way old msie versions work
    res = flip(document.all[szDivId]);
  }
  if(elem) {
    if(res == 0) elem.innerHTML = msg1; else elem.innerHTML = msg2;
  }

}

function toggleAllBoxes() {
  if (document.getElementsByTagName) {
    d = document.getElementsByTagName('div');
    for (i = 0; i < d.length; i++) {
      if (d[i].className == 'log') {
        flip(d[i]);
      }
    }
  }
}

// -->
</script>

</head>
<body>
<h2 align='center'>Default test</h2><table border='1' align="center">
<tr>
<td>Tests passed/Failed/Skipped:</td><td>2/5/0</td>
</tr><tr>
<td>Started on:</td><td>Thu Feb 29 09:56:41 IST 2024</td>
</tr>
<tr><td>Total time:</td><td>22 seconds (22462 ms)</td>
</tr><tr>
<td>Included groups:</td><td></td>
</tr><tr>
<td>Excluded groups:</td><td></td>
</tr>
</table><p/>
<small><i>(Hover the method name to see the test class name)</i></small><p/>
<table width='100%' border='1' class='invocation-failed'>
<tr><td colspan='4' align='center'><b>FAILED TESTS</b></td></tr>
<tr><td><b>Test method</b></td>
<td><b>Attribute(s)</b></td>
<td width="30%"><b>Exception</b></td>
<td width="10%"><b>Time (seconds)</b></td>
<td><b>Instance</b></td>
</tr>
<tr>
<td title='arun.ParallelRunner.runScenario()'><b>runScenario</b><br>Test class: arun.ParallelRunner<br>Test method: Runs Cucumber Scenarios<br>Parameters: "Successful login with the valid credentials", "Login"</td>
<td><div><pre>java.lang.AssertionError: expected [true] but found [false]
	at org.testng.Assert.fail(Assert.java:111)
	at org.testng.Assert.failNotEquals(Assert.java:1578)
	at org.testng.Assert.assertTrue(Assert.java:57)
	at org.testng.Assert.assertTrue(Assert.java:67)
	at arun.LoginSteps.page_title_should_be_navigated_to(LoginSteps.java:53)
	at ✽.Page title should be navigated to &quot;Dashboard / nopCommerce administration&quot;(file:///home/active38/eclipse-workspace/cucuframework/src/test/resources/Parallel/arun.feature:8)
</pre></div><a href='#' onClick='toggleBox("stack-trace1421581657", this, "Click to show all stack frames", "Click to hide stack frames")'>Click to show all stack frames</a>
<div class='stack-trace' id='stack-trace1421581657'><pre>java.lang.AssertionError: expected [true] but found [false]
	at org.testng.Assert.fail(Assert.java:111)
	at org.testng.Assert.failNotEquals(Assert.java:1578)
	at org.testng.Assert.assertTrue(Assert.java:57)
	at org.testng.Assert.assertTrue(Assert.java:67)
	at arun.LoginSteps.page_title_should_be_navigated_to(LoginSteps.java:53)
	at ✽.Page title should be navigated to &quot;Dashboard / nopCommerce administration&quot;(file:///home/active38/eclipse-workspace/cucuframework/src/test/resources/Parallel/arun.feature:8)
</pre></div></td>
<td>17</td>
<td>arun.ParallelRunner@45c7e403</td></tr>
<tr>
<td title='arun.ParallelRunner.runScenario()'><b>runScenario</b><br>Test class: arun.ParallelRunner<br>Test method: Runs Cucumber Scenarios<br>Parameters: "Successful login with the valid credentials", "Login"</td>
<td><div><pre>java.lang.AssertionError: expected [true] but found [false]
	at org.testng.Assert.fail(Assert.java:111)
	at org.testng.Assert.failNotEquals(Assert.java:1578)
	at org.testng.Assert.assertTrue(Assert.java:57)
	at org.testng.Assert.assertTrue(Assert.java:67)
	at arun.LoginSteps.page_title_should_be_navigated_to(LoginSteps.java:53)
	at ✽.Page title should be navigated to &quot;Dashboard / nopCommerce administration&quot;(file:///home/active38/eclipse-workspace/cucuframework/src/test/resources/Parallel/arun.feature:8)
</pre></div><a href='#' onClick='toggleBox("stack-trace2061855926", this, "Click to show all stack frames", "Click to hide stack frames")'>Click to show all stack frames</a>
<div class='stack-trace' id='stack-trace2061855926'><pre>java.lang.AssertionError: expected [true] but found [false]
	at org.testng.Assert.fail(Assert.java:111)
	at org.testng.Assert.failNotEquals(Assert.java:1578)
	at org.testng.Assert.assertTrue(Assert.java:57)
	at org.testng.Assert.assertTrue(Assert.java:67)
	at arun.LoginSteps.page_title_should_be_navigated_to(LoginSteps.java:53)
	at ✽.Page title should be navigated to &quot;Dashboard / nopCommerce administration&quot;(file:///home/active38/eclipse-workspace/cucuframework/src/test/resources/Parallel/arun.feature:8)
</pre></div></td>
<td>17</td>
<td>arun.ParallelRunner@45c7e403</td></tr>
<tr>
<td title='arun.ParallelRunner.runScenario()'><b>runScenario</b><br>Test class: arun.ParallelRunner<br>Test method: Runs Cucumber Scenarios<br>Parameters: "Successful login with the valid credentials", "Login"</td>
<td><div><pre>java.lang.AssertionError: expected [true] but found [false]
	at org.testng.Assert.fail(Assert.java:111)
	at org.testng.Assert.failNotEquals(Assert.java:1578)
	at org.testng.Assert.assertTrue(Assert.java:57)
	at org.testng.Assert.assertTrue(Assert.java:67)
	at arun.LoginSteps.page_title_should_be_navigated_to(LoginSteps.java:53)
	at ✽.Page title should be navigated to &quot;Dashboard / nopCommerce administration&quot;(file:///home/active38/eclipse-workspace/cucuframework/src/test/resources/Parallel/arun.feature:8)
</pre></div><a href='#' onClick='toggleBox("stack-trace1782992414", this, "Click to show all stack frames", "Click to hide stack frames")'>Click to show all stack frames</a>
<div class='stack-trace' id='stack-trace1782992414'><pre>java.lang.AssertionError: expected [true] but found [false]
	at org.testng.Assert.fail(Assert.java:111)
	at org.testng.Assert.failNotEquals(Assert.java:1578)
	at org.testng.Assert.assertTrue(Assert.java:57)
	at org.testng.Assert.assertTrue(Assert.java:67)
	at arun.LoginSteps.page_title_should_be_navigated_to(LoginSteps.java:53)
	at ✽.Page title should be navigated to &quot;Dashboard / nopCommerce administration&quot;(file:///home/active38/eclipse-workspace/cucuframework/src/test/resources/Parallel/arun.feature:8)
</pre></div></td>
<td>18</td>
<td>arun.ParallelRunner@45c7e403</td></tr>
<tr>
<td title='arun.ParallelRunner.runScenario()'><b>runScenario</b><br>Test class: arun.ParallelRunner<br>Test method: Runs Cucumber Scenarios<br>Parameters: "Successful login with the valid credentials", "Login"</td>
<td><div><pre>java.lang.AssertionError: expected [true] but found [false]
	at org.testng.Assert.fail(Assert.java:111)
	at org.testng.Assert.failNotEquals(Assert.java:1578)
	at org.testng.Assert.assertTrue(Assert.java:57)
	at org.testng.Assert.assertTrue(Assert.java:67)
	at arun.LoginSteps.page_title_should_be_navigated_to(LoginSteps.java:53)
	at ✽.Page title should be navigated to &quot;Dashboard / nopCommerce administration&quot;(file:///home/active38/eclipse-workspace/cucuframework/src/test/resources/Parallel/arun.feature:8)
</pre></div><a href='#' onClick='toggleBox("stack-trace2089969307", this, "Click to show all stack frames", "Click to hide stack frames")'>Click to show all stack frames</a>
<div class='stack-trace' id='stack-trace2089969307'><pre>java.lang.AssertionError: expected [true] but found [false]
	at org.testng.Assert.fail(Assert.java:111)
	at org.testng.Assert.failNotEquals(Assert.java:1578)
	at org.testng.Assert.assertTrue(Assert.java:57)
	at org.testng.Assert.assertTrue(Assert.java:67)
	at arun.LoginSteps.page_title_should_be_navigated_to(LoginSteps.java:53)
	at ✽.Page title should be navigated to &quot;Dashboard / nopCommerce administration&quot;(file:///home/active38/eclipse-workspace/cucuframework/src/test/resources/Parallel/arun.feature:8)
</pre></div></td>
<td>17</td>
<td>arun.ParallelRunner@45c7e403</td></tr>
<tr>
<td title='arun.ParallelRunner.runScenario()'><b>runScenario</b><br>Test class: arun.ParallelRunner<br>Test method: Runs Cucumber Scenarios<br>Parameters: "Successful login with the valid credentials", "Login"</td>
<td><div><pre>java.lang.AssertionError: expected [true] but found [false]
	at org.testng.Assert.fail(Assert.java:111)
	at org.testng.Assert.failNotEquals(Assert.java:1578)
	at org.testng.Assert.assertTrue(Assert.java:57)
	at org.testng.Assert.assertTrue(Assert.java:67)
	at arun.LoginSteps.page_title_should_be_navigated_to(LoginSteps.java:53)
	at ✽.Page title should be navigated to &quot;Dashboard / nopCommerce administration&quot;(file:///home/active38/eclipse-workspace/cucuframework/src/test/resources/Parallel/arun.feature:8)
</pre></div><a href='#' onClick='toggleBox("stack-trace1879349834", this, "Click to show all stack frames", "Click to hide stack frames")'>Click to show all stack frames</a>
<div class='stack-trace' id='stack-trace1879349834'><pre>java.lang.AssertionError: expected [true] but found [false]
	at org.testng.Assert.fail(Assert.java:111)
	at org.testng.Assert.failNotEquals(Assert.java:1578)
	at org.testng.Assert.assertTrue(Assert.java:57)
	at org.testng.Assert.assertTrue(Assert.java:67)
	at arun.LoginSteps.page_title_should_be_navigated_to(LoginSteps.java:53)
	at ✽.Page title should be navigated to &quot;Dashboard / nopCommerce administration&quot;(file:///home/active38/eclipse-workspace/cucuframework/src/test/resources/Parallel/arun.feature:8)
</pre></div></td>
<td>17</td>
<td>arun.ParallelRunner@45c7e403</td></tr>
</table><p>
<table width='100%' border='1' class='invocation-passed'>
<tr><td colspan='4' align='center'><b>PASSED TESTS</b></td></tr>
<tr><td><b>Test method</b></td>
<td><b>Attribute(s)</b></td>
<td width="30%"><b>Exception</b></td>
<td width="10%"><b>Time (seconds)</b></td>
<td><b>Instance</b></td>
</tr>
<tr>
<td title='arun.ParallelRunner.runScenario()'><b>runScenario</b><br>Test class: arun.ParallelRunner<br>Test method: Runs Cucumber Scenarios<br>Parameters: "Successful login with the valid credentials", "Login"</td>
<td></td>
<td>21</td>
<td>arun.ParallelRunner@45c7e403</td></tr>
<tr>
<td title='arun.ParallelRunner.runScenario()'><b>runScenario</b><br>Test class: arun.ParallelRunner<br>Test method: Runs Cucumber Scenarios<br>Parameters: "Successful login with the valid credentials", "Login"</td>
<td></td>
<td>21</td>
<td>arun.ParallelRunner@45c7e403</td></tr>
</table><p>
</body>
</html>